<?xml version="1.0" encoding="UTF-8"?>
<testng-results skipped="0" failed="1" ignored="0" total="2" passed="1">
  <reporter-output>
  </reporter-output>
  <suite name="Suite" duration-ms="262449" started-at="2021-03-03T08:51:53Z" finished-at="2021-03-03T08:56:16Z">
    <groups>
    </groups>
    <test name="Android-Web" duration-ms="262449" started-at="2021-03-03T08:51:53Z" finished-at="2021-03-03T08:56:16Z">
      <class name="TestCases.TestCases">
        <test-method status="PASS" signature="precondition(java.lang.String, java.lang.String, java.lang.String, java.lang.String, java.lang.String, java.lang.String, java.lang.String, java.lang.String)[pri:0, instance:TestCases.TestCases@299f85d8]" name="precondition" is-config="true" duration-ms="32675" started-at="2021-03-03T14:21:53Z" finished-at="2021-03-03T14:22:26Z">
          <params>
            <param index="0">
              <value>
                <![CDATA[Android-Web]]>
              </value>
            </param>
            <param index="1">
              <value>
                <![CDATA[0.0.0.0]]>
              </value>
            </param>
            <param index="2">
              <value>
                <![CDATA[4723]]>
              </value>
            </param>
            <param index="3">
              <value>
                <![CDATA[Atalo]]>
              </value>
            </param>
            <param index="4">
              <value>
                <![CDATA[Android]]>
              </value>
            </param>
            <param index="5">
              <value>
                <![CDATA[0.1.212]]>
              </value>
            </param>
            <param index="6">
              <value>
                <![CDATA[9]]>
              </value>
            </param>
            <param index="7">
              <value>
                <![CDATA[1]]>
              </value>
            </param>
          </params>
          <reporter-output>
          </reporter-output>
        </test-method> <!-- precondition -->
        <test-method status="PASS" signature="TC_tenantRegistration(java.lang.String, java.lang.reflect.Method)[pri:0, instance:TestCases.TestCases@299f85d8]" name="TC_tenantRegistration" duration-ms="79339" started-at="2021-03-03T14:22:26Z" finished-at="2021-03-03T14:23:45Z">
          <params>
            <param index="0">
              <value>
                <![CDATA[Android-Web]]>
              </value>
            </param>
            <param index="1">
              <value>
                <![CDATA[public void TestCases.TestCases.TC_tenantRegistration(java.lang.String,java.lang.reflect.Method) throws java.lang.InterruptedException]]>
              </value>
            </param>
          </params>
          <reporter-output>
          </reporter-output>
        </test-method> <!-- TC_tenantRegistration -->
        <test-method status="PASS" signature="before()[pri:0, instance:TestCases.TestCases@299f85d8]" name="before" is-config="true" duration-ms="0" started-at="2021-03-03T14:22:26Z" finished-at="2021-03-03T14:22:26Z">
          <reporter-output>
          </reporter-output>
        </test-method> <!-- before -->
        <test-method status="PASS" signature="before()[pri:0, instance:TestCases.TestCases@299f85d8]" name="before" is-config="true" duration-ms="0" started-at="2021-03-03T14:23:45Z" finished-at="2021-03-03T14:23:45Z">
          <reporter-output>
          </reporter-output>
        </test-method> <!-- before -->
        <test-method status="FAIL" signature="TC_tenantLogin(java.lang.String, java.lang.reflect.Method)[pri:0, instance:TestCases.TestCases@299f85d8]" name="TC_tenantLogin" duration-ms="145766" started-at="2021-03-03T14:23:45Z" finished-at="2021-03-03T14:26:11Z">
          <params>
            <param index="0">
              <value>
                <![CDATA[Android-Web]]>
              </value>
            </param>
            <param index="1">
              <value>
                <![CDATA[public void TestCases.TestCases.TC_tenantLogin(java.lang.String,java.lang.reflect.Method) throws java.lang.InterruptedException]]>
              </value>
            </param>
          </params>
          <exception class="java.lang.AssertionError">
            <message>
              <![CDATA[null]]>
            </message>
            <full-stacktrace>
              <![CDATA[java.lang.AssertionError: null
	at org.testng.Assert.fail(Assert.java:94)
	at org.testng.Assert.fail(Assert.java:101)
	at utilities.Common.testFailed(Common.java:146)
	at TestCases.TestCases.TestEnd(TestCases.java:96)
	at TestCases.TestCases.TC_tenantLogin(TestCases.java:90)
	at sun.reflect.NativeMethodAccessorImpl.invoke0(Native Method)
	at sun.reflect.NativeMethodAccessorImpl.invoke(NativeMethodAccessorImpl.java:62)
	at sun.reflect.DelegatingMethodAccessorImpl.invoke(DelegatingMethodAccessorImpl.java:43)
	at java.lang.reflect.Method.invoke(Method.java:498)
	at org.testng.internal.MethodInvocationHelper.invokeMethod(MethodInvocationHelper.java:104)
	at org.testng.internal.Invoker.invokeMethod(Invoker.java:645)
	at org.testng.internal.Invoker.invokeTestMethod(Invoker.java:851)
	at org.testng.internal.Invoker.invokeTestMethods(Invoker.java:1177)
	at org.testng.internal.TestMethodWorker.invokeTestMethods(TestMethodWorker.java:129)
	at org.testng.internal.TestMethodWorker.run(TestMethodWorker.java:112)
	at org.testng.TestRunner.privateRun(TestRunner.java:756)
	at org.testng.TestRunner.run(TestRunner.java:610)
	at org.testng.SuiteRunner.runTest(SuiteRunner.java:387)
	at org.testng.SuiteRunner.access$000(SuiteRunner.java:39)
	at org.testng.SuiteRunner$SuiteWorker.run(SuiteRunner.java:421)
	at org.testng.internal.thread.ThreadUtil$2.call(ThreadUtil.java:64)
	at java.util.concurrent.FutureTask.run(FutureTask.java:266)
	at java.util.concurrent.ThreadPoolExecutor.runWorker(ThreadPoolExecutor.java:1149)
	at java.util.concurrent.ThreadPoolExecutor$Worker.run(ThreadPoolExecutor.java:624)
	at java.lang.Thread.run(Thread.java:748)
]]>
            </full-stacktrace>
          </exception> <!-- java.lang.AssertionError -->
          <reporter-output>
          </reporter-output>
        </test-method> <!-- TC_tenantLogin -->
        <test-method status="PASS" signature="closeSessions()[pri:0, instance:TestCases.TestCases@299f85d8]" name="closeSessions" is-config="true" duration-ms="4530" started-at="2021-03-03T14:26:11Z" finished-at="2021-03-03T14:26:16Z">
          <reporter-output>
          </reporter-output>
        </test-method> <!-- closeSessions -->
      </class> <!-- TestCases.TestCases -->
    </test> <!-- Android-Web -->
  </suite> <!-- Suite -->
</testng-results>
