<?xml version="1.0" encoding="UTF-8"?>
<!-- Generated by org.testng.reporters.JUnitXMLReporter -->
<testsuite hostname="IND-CHN-LT10552" ignored="1" name="Android-Web" tests="1" failures="0" timestamp="03 Mar 2021 12:59:11 GMT" time="281.788" errors="0">
  <testcase name="TC_tenantLogin" time="250.009" classname="TestCases.TestCases"/>
  <testcase name="TC_tenantRegistration" time="0.0" classname="TestCases.TestCases">
    <ignored/>
  </testcase> <!-- TC_tenantRegistration -->
</testsuite> <!-- Android-Web -->
