<?xml version="1.0" encoding="UTF-8"?>
<!-- Generated by org.testng.reporters.JUnitXMLReporter -->
<testsuite hostname="IND-CHN-LT10552" ignored="1" name="Android-Web" tests="1" failures="1" timestamp="03 Mar 2021 12:19:46 GMT" time="542.334" errors="0">
  <testcase name="TC_tenantLogin" time="506.039" classname="TestCases.TestCases">
    <failure type="java.lang.AssertionError" message="null">
      <![CDATA[java.lang.AssertionError: null
	at utilities.Common.testFailed(Common.java:146)
	at TestCases.TestCases.TestEnd(TestCases.java:96)
	at TestCases.TestCases.TC_tenantLogin(TestCases.java:90)
	at java.util.concurrent.FutureTask.run(Unknown Source)
	at java.util.concurrent.ThreadPoolExecutor.runWorker(Unknown Source)
	at java.util.concurrent.ThreadPoolExecutor$Worker.run(Unknown Source)
	at java.lang.Thread.run(Unknown Source)
... Removed 18 stack frames]]>
    </failure>
  </testcase> <!-- TC_tenantLogin -->
  <testcase name="TC_tenantRegistration" time="0.0" classname="TestCases.TestCases">
    <ignored/>
  </testcase> <!-- TC_tenantRegistration -->
</testsuite> <!-- Android-Web -->
