<?xml version="1.0" encoding="UTF-8"?>
<!-- Generated by org.testng.reporters.JUnitXMLReporter -->
<testsuite hostname="IND-CHN-LT10552" ignored="0" name="Android-Web" tests="2" failures="0" timestamp="03 Mar 2021 08:50:48 GMT" time="29.723" errors="0">
  <testcase name="@BeforeClass precondition" time="0.0" classname="TestCases.TestCases">
    <failure type="java.lang.NullPointerException">
      <![CDATA[java.lang.NullPointerException
	at automationFramework.GenericKeywords.captureScreenShot(GenericKeywords.java:2466)
	at automationFramework.GenericKeywords.testStepFailed(GenericKeywords.java:2504)
	at automationFramework.GenericKeywords.openBrowser(GenericKeywords.java:609)
	at baseClass.BaseClass.setup(BaseClass.java:29)
	at TestCases.TestCases.precondition(TestCases.java:51)
	at java.util.concurrent.FutureTask.run(FutureTask.java:266)
	at java.util.concurrent.ThreadPoolExecutor.runWorker(ThreadPoolExecutor.java:1149)
	at java.util.concurrent.ThreadPoolExecutor$Worker.run(ThreadPoolExecutor.java:624)
	at java.lang.Thread.run(Thread.java:748)
... Removed 16 stack frames]]>
    </failure>
  </testcase> <!-- @BeforeClass precondition -->
  <testcase name="@BeforeMethod before" time="0.0" classname="TestCases.TestCases">
    <skipped/>
  </testcase> <!-- @BeforeMethod before -->
  <testcase name="@BeforeMethod before" time="0.0" classname="TestCases.TestCases">
    <skipped/>
  </testcase> <!-- @BeforeMethod before -->
  <testcase name="@AfterClass closeSessions" time="0.0" classname="TestCases.TestCases">
    <skipped/>
  </testcase> <!-- @AfterClass closeSessions -->
  <testcase name="TC_tenantRegistration" time="0.004" classname="TestCases.TestCases">
    <skipped/>
  </testcase> <!-- TC_tenantRegistration -->
  <testcase name="TC_tenantLogin" time="0.0" classname="TestCases.TestCases">
    <skipped/>
  </testcase> <!-- TC_tenantLogin -->
</testsuite> <!-- Android-Web -->
