<?xml version="1.0" encoding="UTF-8"?>
<!-- Generated by org.testng.reporters.JUnitXMLReporter -->
<testsuite hostname="IND-CHN-LT10552" ignored="1" name="Android-Web" tests="1" failures="0" timestamp="03 Mar 2021 09:12:22 GMT" time="111.421" errors="0">
  <testcase name="TC_tenantRegistration" time="77.5" classname="TestCases.TestCases"/>
  <testcase name="TC_tenantLogin" time="0.0" classname="TestCases.TestCases">
    <ignored/>
  </testcase> <!-- TC_tenantLogin -->
</testsuite> <!-- Android-Web -->
