<?xml version="1.0" encoding="UTF-8"?>
<testng-results skipped="2" failed="0" ignored="0" total="2" passed="0">
  <reporter-output>
  </reporter-output>
  <suite name="Suite" duration-ms="29723" started-at="2021-03-03T08:50:18Z" finished-at="2021-03-03T08:50:48Z">
    <groups>
    </groups>
    <test name="Android-Web" duration-ms="29723" started-at="2021-03-03T08:50:18Z" finished-at="2021-03-03T08:50:48Z">
      <class name="TestCases.TestCases">
        <test-method status="FAIL" signature="precondition(java.lang.String, java.lang.String, java.lang.String, java.lang.String, java.lang.String, java.lang.String, java.lang.String, java.lang.String)[pri:0, instance:TestCases.TestCases@1f84e0c9]" name="precondition" is-config="true" duration-ms="0" started-at="2021-03-03T14:20:18Z" finished-at="2021-03-03T14:20:18Z">
          <params>
            <param index="0">
              <value>
                <![CDATA[Android-Web]]>
              </value>
            </param>
            <param index="1">
              <value>
                <![CDATA[0.0.0.0]]>
              </value>
            </param>
            <param index="2">
              <value>
                <![CDATA[4723]]>
              </value>
            </param>
            <param index="3">
              <value>
                <![CDATA[Atalo]]>
              </value>
            </param>
            <param index="4">
              <value>
                <![CDATA[Android]]>
              </value>
            </param>
            <param index="5">
              <value>
                <![CDATA[0.1.212]]>
              </value>
            </param>
            <param index="6">
              <value>
                <![CDATA[9]]>
              </value>
            </param>
            <param index="7">
              <value>
                <![CDATA[1]]>
              </value>
            </param>
          </params>
          <exception class="java.lang.NullPointerException">
            <full-stacktrace>
              <![CDATA[java.lang.NullPointerException
	at automationFramework.GenericKeywords.captureScreenShot(GenericKeywords.java:2466)
	at automationFramework.GenericKeywords.testStepFailed(GenericKeywords.java:2504)
	at automationFramework.GenericKeywords.openBrowser(GenericKeywords.java:609)
	at baseClass.BaseClass.setup(BaseClass.java:29)
	at TestCases.TestCases.precondition(TestCases.java:51)
	at sun.reflect.NativeMethodAccessorImpl.invoke0(Native Method)
	at sun.reflect.NativeMethodAccessorImpl.invoke(NativeMethodAccessorImpl.java:62)
	at sun.reflect.DelegatingMethodAccessorImpl.invoke(DelegatingMethodAccessorImpl.java:43)
	at java.lang.reflect.Method.invoke(Method.java:498)
	at org.testng.internal.MethodInvocationHelper.invokeMethod(MethodInvocationHelper.java:104)
	at org.testng.internal.Invoker.invokeConfigurationMethod(Invoker.java:515)
	at org.testng.internal.Invoker.invokeConfigurations(Invoker.java:217)
	at org.testng.internal.Invoker.invokeConfigurations(Invoker.java:144)
	at org.testng.internal.TestMethodWorker.invokeBeforeClassMethods(TestMethodWorker.java:169)
	at org.testng.internal.TestMethodWorker.run(TestMethodWorker.java:108)
	at org.testng.TestRunner.privateRun(TestRunner.java:756)
	at org.testng.TestRunner.run(TestRunner.java:610)
	at org.testng.SuiteRunner.runTest(SuiteRunner.java:387)
	at org.testng.SuiteRunner.access$000(SuiteRunner.java:39)
	at org.testng.SuiteRunner$SuiteWorker.run(SuiteRunner.java:421)
	at org.testng.internal.thread.ThreadUtil$2.call(ThreadUtil.java:64)
	at java.util.concurrent.FutureTask.run(FutureTask.java:266)
	at java.util.concurrent.ThreadPoolExecutor.runWorker(ThreadPoolExecutor.java:1149)
	at java.util.concurrent.ThreadPoolExecutor$Worker.run(ThreadPoolExecutor.java:624)
	at java.lang.Thread.run(Thread.java:748)
]]>
            </full-stacktrace>
          </exception> <!-- java.lang.NullPointerException -->
          <reporter-output>
          </reporter-output>
        </test-method> <!-- precondition -->
        <test-method status="SKIP" signature="TC_tenantRegistration(java.lang.String, java.lang.reflect.Method)[pri:0, instance:TestCases.TestCases@1f84e0c9]" name="TC_tenantRegistration" duration-ms="4" started-at="2021-03-03T14:20:48Z" finished-at="2021-03-03T14:20:48Z">
          <params>
            <param index="0">
              <value>
                <![CDATA[Android-Web]]>
              </value>
            </param>
            <param index="1">
              <value>
                <![CDATA[public void TestCases.TestCases.TC_tenantRegistration(java.lang.String,java.lang.reflect.Method) throws java.lang.InterruptedException]]>
              </value>
            </param>
          </params>
          <exception class="java.lang.NullPointerException">
            <full-stacktrace>
              <![CDATA[java.lang.NullPointerException
	at automationFramework.GenericKeywords.captureScreenShot(GenericKeywords.java:2466)
	at automationFramework.GenericKeywords.testStepFailed(GenericKeywords.java:2504)
	at automationFramework.GenericKeywords.openBrowser(GenericKeywords.java:609)
	at baseClass.BaseClass.setup(BaseClass.java:29)
	at TestCases.TestCases.precondition(TestCases.java:51)
	at sun.reflect.NativeMethodAccessorImpl.invoke0(Native Method)
	at sun.reflect.NativeMethodAccessorImpl.invoke(NativeMethodAccessorImpl.java:62)
	at sun.reflect.DelegatingMethodAccessorImpl.invoke(DelegatingMethodAccessorImpl.java:43)
	at java.lang.reflect.Method.invoke(Method.java:498)
	at org.testng.internal.MethodInvocationHelper.invokeMethod(MethodInvocationHelper.java:104)
	at org.testng.internal.Invoker.invokeConfigurationMethod(Invoker.java:515)
	at org.testng.internal.Invoker.invokeConfigurations(Invoker.java:217)
	at org.testng.internal.Invoker.invokeConfigurations(Invoker.java:144)
	at org.testng.internal.TestMethodWorker.invokeBeforeClassMethods(TestMethodWorker.java:169)
	at org.testng.internal.TestMethodWorker.run(TestMethodWorker.java:108)
	at org.testng.TestRunner.privateRun(TestRunner.java:756)
	at org.testng.TestRunner.run(TestRunner.java:610)
	at org.testng.SuiteRunner.runTest(SuiteRunner.java:387)
	at org.testng.SuiteRunner.access$000(SuiteRunner.java:39)
	at org.testng.SuiteRunner$SuiteWorker.run(SuiteRunner.java:421)
	at org.testng.internal.thread.ThreadUtil$2.call(ThreadUtil.java:64)
	at java.util.concurrent.FutureTask.run(FutureTask.java:266)
	at java.util.concurrent.ThreadPoolExecutor.runWorker(ThreadPoolExecutor.java:1149)
	at java.util.concurrent.ThreadPoolExecutor$Worker.run(ThreadPoolExecutor.java:624)
	at java.lang.Thread.run(Thread.java:748)
]]>
            </full-stacktrace>
          </exception> <!-- java.lang.NullPointerException -->
          <reporter-output>
          </reporter-output>
        </test-method> <!-- TC_tenantRegistration -->
        <test-method status="SKIP" signature="before()[pri:0, instance:TestCases.TestCases@1f84e0c9]" name="before" is-config="true" duration-ms="0" started-at="2021-03-03T14:20:48Z" finished-at="2021-03-03T14:20:48Z">
          <reporter-output>
          </reporter-output>
        </test-method> <!-- before -->
        <test-method status="SKIP" signature="TC_tenantLogin(java.lang.String, java.lang.reflect.Method)[pri:0, instance:TestCases.TestCases@1f84e0c9]" name="TC_tenantLogin" duration-ms="0" started-at="2021-03-03T14:20:48Z" finished-at="2021-03-03T14:20:48Z">
          <params>
            <param index="0">
              <value>
                <![CDATA[Android-Web]]>
              </value>
            </param>
            <param index="1">
              <value>
                <![CDATA[public void TestCases.TestCases.TC_tenantLogin(java.lang.String,java.lang.reflect.Method) throws java.lang.InterruptedException]]>
              </value>
            </param>
          </params>
          <exception class="java.lang.NullPointerException">
            <full-stacktrace>
              <![CDATA[java.lang.NullPointerException
	at automationFramework.GenericKeywords.captureScreenShot(GenericKeywords.java:2466)
	at automationFramework.GenericKeywords.testStepFailed(GenericKeywords.java:2504)
	at automationFramework.GenericKeywords.openBrowser(GenericKeywords.java:609)
	at baseClass.BaseClass.setup(BaseClass.java:29)
	at TestCases.TestCases.precondition(TestCases.java:51)
	at sun.reflect.NativeMethodAccessorImpl.invoke0(Native Method)
	at sun.reflect.NativeMethodAccessorImpl.invoke(NativeMethodAccessorImpl.java:62)
	at sun.reflect.DelegatingMethodAccessorImpl.invoke(DelegatingMethodAccessorImpl.java:43)
	at java.lang.reflect.Method.invoke(Method.java:498)
	at org.testng.internal.MethodInvocationHelper.invokeMethod(MethodInvocationHelper.java:104)
	at org.testng.internal.Invoker.invokeConfigurationMethod(Invoker.java:515)
	at org.testng.internal.Invoker.invokeConfigurations(Invoker.java:217)
	at org.testng.internal.Invoker.invokeConfigurations(Invoker.java:144)
	at org.testng.internal.TestMethodWorker.invokeBeforeClassMethods(TestMethodWorker.java:169)
	at org.testng.internal.TestMethodWorker.run(TestMethodWorker.java:108)
	at org.testng.TestRunner.privateRun(TestRunner.java:756)
	at org.testng.TestRunner.run(TestRunner.java:610)
	at org.testng.SuiteRunner.runTest(SuiteRunner.java:387)
	at org.testng.SuiteRunner.access$000(SuiteRunner.java:39)
	at org.testng.SuiteRunner$SuiteWorker.run(SuiteRunner.java:421)
	at org.testng.internal.thread.ThreadUtil$2.call(ThreadUtil.java:64)
	at java.util.concurrent.FutureTask.run(FutureTask.java:266)
	at java.util.concurrent.ThreadPoolExecutor.runWorker(ThreadPoolExecutor.java:1149)
	at java.util.concurrent.ThreadPoolExecutor$Worker.run(ThreadPoolExecutor.java:624)
	at java.lang.Thread.run(Thread.java:748)
]]>
            </full-stacktrace>
          </exception> <!-- java.lang.NullPointerException -->
          <reporter-output>
          </reporter-output>
        </test-method> <!-- TC_tenantLogin -->
        <test-method status="SKIP" signature="before()[pri:0, instance:TestCases.TestCases@1f84e0c9]" name="before" is-config="true" duration-ms="0" started-at="2021-03-03T14:20:48Z" finished-at="2021-03-03T14:20:48Z">
          <reporter-output>
          </reporter-output>
        </test-method> <!-- before -->
        <test-method status="SKIP" signature="closeSessions()[pri:0, instance:TestCases.TestCases@1f84e0c9]" name="closeSessions" is-config="true" duration-ms="0" started-at="2021-03-03T14:20:48Z" finished-at="2021-03-03T14:20:48Z">
          <reporter-output>
          </reporter-output>
        </test-method> <!-- closeSessions -->
      </class> <!-- TestCases.TestCases -->
    </test> <!-- Android-Web -->
  </suite> <!-- Suite -->
</testng-results>
