<?xml version="1.0" encoding="UTF-8"?>
<!-- Generated by org.testng.reporters.JUnitXMLReporter -->
<testsuite hostname="IND-CHN-LT10552" ignored="1" name="Android-Web" tests="1" failures="0" timestamp="05 Mar 2021 10:51:08 GMT" time="323.848" errors="0">
  <testcase name="TC_tenantLogin" time="275.387" classname="TestCases.TestCases"/>
  <testcase name="TC_tenantRegistration" time="0.0" classname="TestCases.TestCases">
    <ignored/>
  </testcase> <!-- TC_tenantRegistration -->
</testsuite> <!-- Android-Web -->
